<?xml version="1.0" encoding="UTF-8"?>
<testng-results skipped="0" failed="0" ignored="0" total="2" passed="2">
  <reporter-output>
  </reporter-output>
  <suite name="Suite" duration-ms="103" started-at="2020-08-17T14:44:43 IST" finished-at="2020-08-17T14:44:43 IST">
    <groups>
    </groups>
    <test name="Test" duration-ms="103" started-at="2020-08-17T14:44:43 IST" finished-at="2020-08-17T14:44:43 IST">
      <class name="ram.pack1.NewTestNG">
        <test-method status="PASS" signature="f(java.lang.String, java.lang.String)[pri:0, instance:ram.pack1.NewTestNG@1dba6f9]" name="f" duration-ms="10" started-at="2020-08-17T14:44:43 IST" data-provider="data" finished-at="2020-08-17T14:44:43 IST">
          <params>
            <param index="0">
              <value>
                <![CDATA[name0]]>
              </value>
            </param>
            <param index="1">
              <value>
                <![CDATA[name]]>
              </value>
            </param>
          </params>
          <reporter-output>
          </reporter-output>
        </test-method> <!-- f -->
        <test-method status="PASS" signature="f(java.lang.String, java.lang.String)[pri:0, instance:ram.pack1.NewTestNG@1dba6f9]" name="f" duration-ms="7" started-at="2020-08-17T14:44:43 IST" data-provider="data" finished-at="2020-08-17T14:44:43 IST">
          <params>
            <param index="0">
              <value>
                <![CDATA[hello]]>
              </value>
            </param>
            <param index="1">
              <value>
                <![CDATA[adnand]]>
              </value>
            </param>
          </params>
          <reporter-output>
          </reporter-output>
        </test-method> <!-- f -->
      </class> <!-- ram.pack1.NewTestNG -->
    </test> <!-- Test -->
  </suite> <!-- Suite -->
</testng-results>
